{"numFailedTestSuites":0,"numFailedTests":0,"numPassedTestSuites":1,"numPassedTests":1,"numPendingTestSuites":0,"numPendingTests":0,"numRuntimeErrorTestSuites":0,"numTodoTests":0,"numTotalTestSuites":1,"numTotalTests":1,"openHandles":[],"snapshot":{"added":0,"didUpdate":false,"failure":false,"filesAdded":0,"filesRemoved":0,"filesRemovedList":[],"filesUnmatched":0,"filesUpdated":0,"matched":0,"total":0,"unchecked":0,"uncheckedKeysByFile":[],"unmatched":0,"updated":0},"startTime":1640194480386,"success":true,"testResults":[{"assertionResults":[{"ancestorTitles":["Array utils"],"failureMessages":[],"fullName":"Array utils flattens a set of arrays","location":null,"status":"passed","title":"flattens a set of arrays"}],"endTime":1640194483786,"message":"","name":"/Users/judithowens/armstrong-edge/module/.jest/__tests__/utils/arrays.spec.ts","startTime":1640194480825,"status":"passed","summary":""}],"wasInterrupted":false}